<?xml version="1.0" encoding="UTF-8"?>
<!-- Generated by org.testng.reporters.JUnitReportReporter -->
<testsuite hostname="OWNER-PC" name="com.hogai.webtest.search.PhantomJSTest" tests="1" failures="0" timestamp="8 Nov 2015 15:50:53 GMT" time="5.712" errors="0">
  <testcase name="getTitleTest" time="5.712" classname="com.hogai.webtest.search.PhantomJSTest"/>
</testsuite> <!-- com.hogai.webtest.search.PhantomJSTest -->
