<?xml version="1.0" encoding="UTF-8"?>
<!-- Generated by org.testng.reporters.JUnitReportReporter -->
<testsuite hostname="OWNER-PC" name="com.hogai.webtest.search.PhantomJSTest" tests="1" failures="0" timestamp="29 Oct 2015 21:27:59 GMT" time="3.359" errors="0">
  <testcase name="getTitleTest" time="3.359" classname="com.hogai.webtest.search.PhantomJSTest"/>
</testsuite> <!-- com.hogai.webtest.search.PhantomJSTest -->
